2021-12-23 18:03:37,295 [Worker-4: Loading available Gradle versions] INFO  o.e.b.c.i.u.g.PublishedGradleVersions - Gradle version information cache is up-to-date. Trying to read.
2021-12-23 18:07:28,727 [Worker-8: Import Getting Started Content] INFO  o.e.m.c.i.l.LifecycleMappingFactory - Using org.eclipse.m2e.jdt.JarLifecycleMapping lifecycle mapping for MavenProject: com.bl:bookstore_eurekaServer:0.0.1-SNAPSHOT @ C:\Users\dell\Desktop\BookStoreProject\bookstore_eurekaServer\bookstore_eurekaServer\pom.xml.
2021-12-23 18:07:35,064 [Worker-8: Import Getting Started Content] INFO  o.e.m.c.i.e.AbstractTransferListenerAdapter - Downloading https://repo.maven.apache.org/maven2/org/springframework/boot/spring-boot-starter-actuator/2.6.2/spring-boot-starter-actuator-2.6.2.pom
2021-12-23 18:07:36,534 [Worker-8: Import Getting Started Content] INFO  o.e.m.c.i.e.AbstractTransferListenerAdapter - Downloaded https://repo.maven.apache.org/maven2/org/springframework/boot/spring-boot-starter-actuator/2.6.2/spring-boot-starter-actuator-2.6.2.pom
2021-12-23 18:07:38,059 [Worker-8: Import Getting Started Content] INFO  o.e.m.c.i.e.AbstractTransferListenerAdapter - Downloading https://repo.maven.apache.org/maven2/org/springframework/boot/spring-boot-actuator-autoconfigure/2.6.2/spring-boot-actuator-autoconfigure-2.6.2.pom
2021-12-23 18:07:38,542 [Worker-8: Import Getting Started Content] INFO  o.e.m.c.i.e.AbstractTransferListenerAdapter - Downloaded https://repo.maven.apache.org/maven2/org/springframework/boot/spring-boot-actuator-autoconfigure/2.6.2/spring-boot-actuator-autoconfigure-2.6.2.pom
2021-12-23 18:07:39,603 [Worker-8: Import Getting Started Content] INFO  o.e.m.c.i.e.AbstractTransferListenerAdapter - Downloading https://repo.maven.apache.org/maven2/org/springframework/boot/spring-boot-actuator/2.6.2/spring-boot-actuator-2.6.2.pom
2021-12-23 18:07:39,874 [Worker-8: Import Getting Started Content] INFO  o.e.m.c.i.e.AbstractTransferListenerAdapter - Downloaded https://repo.maven.apache.org/maven2/org/springframework/boot/spring-boot-actuator/2.6.2/spring-boot-actuator-2.6.2.pom
2021-12-23 18:07:44,072 [Worker-8: Import Getting Started Content] INFO  o.e.m.c.i.e.AbstractTransferListenerAdapter - Downloading https://repo.maven.apache.org/maven2/org/springframework/boot/spring-boot-starter-freemarker/2.6.2/spring-boot-starter-freemarker-2.6.2.pom
2021-12-23 18:07:44,465 [Worker-8: Import Getting Started Content] INFO  o.e.m.c.i.e.AbstractTransferListenerAdapter - Downloaded https://repo.maven.apache.org/maven2/org/springframework/boot/spring-boot-starter-freemarker/2.6.2/spring-boot-starter-freemarker-2.6.2.pom
2021-12-23 18:07:49,513 [Worker-8: Import Getting Started Content] INFO  o.e.m.c.i.e.AbstractTransferListenerAdapter - Downloading https://repo.maven.apache.org/maven2/org/apache/httpcomponents/httpcore/4.4.15/httpcore-4.4.15.pom
2021-12-23 18:07:49,828 [Worker-8: Import Getting Started Content] INFO  o.e.m.c.i.e.AbstractTransferListenerAdapter - Downloaded https://repo.maven.apache.org/maven2/org/apache/httpcomponents/httpcore/4.4.15/httpcore-4.4.15.pom
2021-12-23 18:07:50,617 [Worker-8: Import Getting Started Content] INFO  o.e.m.c.i.e.AbstractTransferListenerAdapter - Downloading https://repo.maven.apache.org/maven2/org/apache/httpcomponents/httpcomponents-core/4.4.15/httpcomponents-core-4.4.15.pom
2021-12-23 18:07:51,383 [Worker-8: Import Getting Started Content] INFO  o.e.m.c.i.e.AbstractTransferListenerAdapter - Downloaded https://repo.maven.apache.org/maven2/org/apache/httpcomponents/httpcomponents-core/4.4.15/httpcomponents-core-4.4.15.pom
2021-12-23 18:07:54,403 [Worker-8: Import Getting Started Content] INFO  o.e.m.c.i.e.AbstractTransferListenerAdapter - Downloading https://repo.maven.apache.org/maven2/com/fasterxml/jackson/dataformat/jackson-dataformat-xml/2.13.1/jackson-dataformat-xml-2.13.1.pom
2021-12-23 18:07:55,685 [Worker-8: Import Getting Started Content] INFO  o.e.m.c.i.e.AbstractTransferListenerAdapter - Downloaded https://repo.maven.apache.org/maven2/com/fasterxml/jackson/dataformat/jackson-dataformat-xml/2.13.1/jackson-dataformat-xml-2.13.1.pom
2021-12-23 18:07:55,977 [Worker-8: Import Getting Started Content] INFO  o.e.m.c.i.e.AbstractTransferListenerAdapter - Downloading https://repo.maven.apache.org/maven2/com/fasterxml/woodstox/woodstox-core/6.2.7/woodstox-core-6.2.7.pom
2021-12-23 18:07:56,556 [Worker-8: Import Getting Started Content] INFO  o.e.m.c.i.e.AbstractTransferListenerAdapter - Downloaded https://repo.maven.apache.org/maven2/com/fasterxml/woodstox/woodstox-core/6.2.7/woodstox-core-6.2.7.pom
2021-12-23 18:07:57,221 [Worker-8: Import Getting Started Content] INFO  o.e.m.c.i.e.AbstractTransferListenerAdapter - Downloading https://repo.maven.apache.org/maven2/io/projectreactor/reactor-core/3.4.13/reactor-core-3.4.13.pom
2021-12-23 18:07:57,574 [Worker-8: Import Getting Started Content] INFO  o.e.m.c.i.e.AbstractTransferListenerAdapter - Downloaded https://repo.maven.apache.org/maven2/io/projectreactor/reactor-core/3.4.13/reactor-core-3.4.13.pom
2021-12-23 18:07:58,086 [Worker-8: Import Getting Started Content] INFO  o.e.m.c.i.e.AbstractTransferListenerAdapter - Downloading https://repo.maven.apache.org/maven2/io/projectreactor/addons/reactor-extra/3.4.6/reactor-extra-3.4.6.pom
2021-12-23 18:07:58,540 [Worker-8: Import Getting Started Content] INFO  o.e.m.c.i.e.AbstractTransferListenerAdapter - Downloaded https://repo.maven.apache.org/maven2/io/projectreactor/addons/reactor-extra/3.4.6/reactor-extra-3.4.6.pom
2021-12-23 18:07:59,468 [Worker-8: Import Getting Started Content] INFO  o.e.m.c.i.e.AbstractTransferListenerAdapter - Downloading https://repo.maven.apache.org/maven2/org/springframework/boot/spring-boot-starter-cache/2.6.2/spring-boot-starter-cache-2.6.2.pom
2021-12-23 18:08:01,675 [Worker-8: Import Getting Started Content] INFO  o.e.m.c.i.e.AbstractTransferListenerAdapter - Downloaded https://repo.maven.apache.org/maven2/org/springframework/boot/spring-boot-starter-cache/2.6.2/spring-boot-starter-cache-2.6.2.pom
2021-12-23 18:08:06,699 [AetherRepositoryConnector-repo.maven.apache.org-0-0] INFO  o.e.m.c.i.e.AbstractTransferListenerAdapter - Downloading https://repo.maven.apache.org/maven2/org/springframework/boot/spring-boot-starter-actuator/2.6.2/spring-boot-starter-actuator-2.6.2.jar
2021-12-23 18:08:06,944 [AetherRepositoryConnector-repo.maven.apache.org-0-3] INFO  o.e.m.c.i.e.AbstractTransferListenerAdapter - Downloading https://repo.maven.apache.org/maven2/org/springframework/boot/spring-boot-starter-freemarker/2.6.2/spring-boot-starter-freemarker-2.6.2.jar
2021-12-23 18:08:06,951 [AetherRepositoryConnector-repo.maven.apache.org-0-4] INFO  o.e.m.c.i.e.AbstractTransferListenerAdapter - Downloading https://repo.maven.apache.org/maven2/org/apache/httpcomponents/httpcore/4.4.15/httpcore-4.4.15.jar
2021-12-23 18:08:07,175 [AetherRepositoryConnector-repo.maven.apache.org-0-2] INFO  o.e.m.c.i.e.AbstractTransferListenerAdapter - Downloading https://repo.maven.apache.org/maven2/org/springframework/boot/spring-boot-actuator/2.6.2/spring-boot-actuator-2.6.2.jar
2021-12-23 18:08:07,174 [AetherRepositoryConnector-repo.maven.apache.org-0-1] INFO  o.e.m.c.i.e.AbstractTransferListenerAdapter - Downloading https://repo.maven.apache.org/maven2/org/springframework/boot/spring-boot-actuator-autoconfigure/2.6.2/spring-boot-actuator-autoconfigure-2.6.2.jar
2021-12-23 18:08:07,345 [AetherRepositoryConnector-repo.maven.apache.org-0-0] INFO  o.e.m.c.i.e.AbstractTransferListenerAdapter - Downloaded https://repo.maven.apache.org/maven2/org/springframework/boot/spring-boot-starter-actuator/2.6.2/spring-boot-starter-actuator-2.6.2.jar
2021-12-23 18:08:07,995 [AetherRepositoryConnector-repo.maven.apache.org-0-0] INFO  o.e.m.c.i.e.AbstractTransferListenerAdapter - Downloading https://repo.maven.apache.org/maven2/com/fasterxml/jackson/dataformat/jackson-dataformat-xml/2.13.1/jackson-dataformat-xml-2.13.1.jar
2021-12-23 18:08:08,217 [AetherRepositoryConnector-repo.maven.apache.org-0-3] INFO  o.e.m.c.i.e.AbstractTransferListenerAdapter - Downloaded https://repo.maven.apache.org/maven2/org/springframework/boot/spring-boot-starter-freemarker/2.6.2/spring-boot-starter-freemarker-2.6.2.jar
2021-12-23 18:08:09,976 [AetherRepositoryConnector-repo.maven.apache.org-0-3] INFO  o.e.m.c.i.e.AbstractTransferListenerAdapter - Downloading https://repo.maven.apache.org/maven2/io/projectreactor/reactor-core/3.4.13/reactor-core-3.4.13.jar
2021-12-23 18:08:11,010 [AetherRepositoryConnector-repo.maven.apache.org-0-0] INFO  o.e.m.c.i.e.AbstractTransferListenerAdapter - Downloaded https://repo.maven.apache.org/maven2/com/fasterxml/jackson/dataformat/jackson-dataformat-xml/2.13.1/jackson-dataformat-xml-2.13.1.jar
2021-12-23 18:08:11,882 [AetherRepositoryConnector-repo.maven.apache.org-0-4] INFO  o.e.m.c.i.e.AbstractTransferListenerAdapter - Downloaded https://repo.maven.apache.org/maven2/org/apache/httpcomponents/httpcore/4.4.15/httpcore-4.4.15.jar
2021-12-23 18:08:12,203 [AetherRepositoryConnector-repo.maven.apache.org-0-1] INFO  o.e.m.c.i.e.AbstractTransferListenerAdapter - Downloaded https://repo.maven.apache.org/maven2/org/springframework/boot/spring-boot-actuator-autoconfigure/2.6.2/spring-boot-actuator-autoconfigure-2.6.2.jar
2021-12-23 18:08:12,900 [AetherRepositoryConnector-repo.maven.apache.org-0-0] INFO  o.e.m.c.i.e.AbstractTransferListenerAdapter - Downloading https://repo.maven.apache.org/maven2/io/projectreactor/addons/reactor-extra/3.4.6/reactor-extra-3.4.6.jar
2021-12-23 18:08:12,929 [AetherRepositoryConnector-repo.maven.apache.org-0-2] INFO  o.e.m.c.i.e.AbstractTransferListenerAdapter - Downloaded https://repo.maven.apache.org/maven2/org/springframework/boot/spring-boot-actuator/2.6.2/spring-boot-actuator-2.6.2.jar
2021-12-23 18:08:13,056 [AetherRepositoryConnector-repo.maven.apache.org-0-4] INFO  o.e.m.c.i.e.AbstractTransferListenerAdapter - Downloading https://repo.maven.apache.org/maven2/org/springframework/boot/spring-boot-starter-cache/2.6.2/spring-boot-starter-cache-2.6.2.jar
2021-12-23 18:08:13,589 [AetherRepositoryConnector-repo.maven.apache.org-0-0] INFO  o.e.m.c.i.e.AbstractTransferListenerAdapter - Downloaded https://repo.maven.apache.org/maven2/io/projectreactor/addons/reactor-extra/3.4.6/reactor-extra-3.4.6.jar
2021-12-23 18:08:13,589 [AetherRepositoryConnector-repo.maven.apache.org-0-4] INFO  o.e.m.c.i.e.AbstractTransferListenerAdapter - Downloaded https://repo.maven.apache.org/maven2/org/springframework/boot/spring-boot-starter-cache/2.6.2/spring-boot-starter-cache-2.6.2.jar
2021-12-23 18:08:13,605 [AetherRepositoryConnector-repo.maven.apache.org-0-3] INFO  o.e.m.c.i.e.AbstractTransferListenerAdapter - Downloaded https://repo.maven.apache.org/maven2/io/projectreactor/reactor-core/3.4.13/reactor-core-3.4.13.jar
2021-12-23 18:08:23,676 [Worker-5: Download sources and javadoc] INFO  o.e.m.c.i.e.AbstractTransferListenerAdapter - Downloading https://repo.maven.apache.org/maven2/org/springframework/boot/spring-boot-starter-actuator/2.6.2/spring-boot-starter-actuator-2.6.2-sources.jar
2021-12-23 18:08:24,276 [Worker-5: Download sources and javadoc] INFO  o.e.m.c.i.e.AbstractTransferListenerAdapter - Downloaded https://repo.maven.apache.org/maven2/org/springframework/boot/spring-boot-starter-actuator/2.6.2/spring-boot-starter-actuator-2.6.2-sources.jar
2021-12-23 18:08:24,318 [Worker-5: Download sources and javadoc] INFO  o.e.m.j.internal.DownloadSourcesJob - Downloaded sources for org.springframework.boot:spring-boot-starter-actuator:2.6.2
2021-12-23 18:08:25,209 [Worker-5: Download sources and javadoc] INFO  o.e.m.c.i.e.AbstractTransferListenerAdapter - Downloading https://repo.maven.apache.org/maven2/org/springframework/boot/spring-boot-actuator-autoconfigure/2.6.2/spring-boot-actuator-autoconfigure-2.6.2-sources.jar
2021-12-23 18:08:26,763 [Worker-5: Download sources and javadoc] INFO  o.e.m.c.i.e.AbstractTransferListenerAdapter - Downloaded https://repo.maven.apache.org/maven2/org/springframework/boot/spring-boot-actuator-autoconfigure/2.6.2/spring-boot-actuator-autoconfigure-2.6.2-sources.jar
2021-12-23 18:08:26,779 [Worker-5: Download sources and javadoc] INFO  o.e.m.j.internal.DownloadSourcesJob - Downloaded sources for org.springframework.boot:spring-boot-actuator-autoconfigure:2.6.2
2021-12-23 18:08:27,579 [Worker-8: Import Getting Started Content] INFO  o.e.m.j.i.AbstractJavaProjectConfigurator - Adding source folder /bookstore_eurekaServer/src/main/java
2021-12-23 18:08:27,582 [Worker-8: Import Getting Started Content] INFO  o.e.m.j.i.AbstractJavaProjectConfigurator - Adding resource folder /bookstore_eurekaServer/src/main/resources
2021-12-23 18:08:27,618 [Worker-8: Import Getting Started Content] INFO  o.e.m.j.i.AbstractJavaProjectConfigurator - Adding resource folder /bookstore_eurekaServer/src/main/resources
2021-12-23 18:08:27,642 [Worker-8: Import Getting Started Content] INFO  o.e.m.j.i.AbstractJavaProjectConfigurator - Adding source folder /bookstore_eurekaServer/src/test/java
2021-12-23 18:08:27,882 [Worker-5: Download sources and javadoc] INFO  o.e.m.c.i.e.AbstractTransferListenerAdapter - Downloading https://repo.maven.apache.org/maven2/org/springframework/boot/spring-boot-actuator/2.6.2/spring-boot-actuator-2.6.2-sources.jar
2021-12-23 18:08:29,598 [Worker-5: Download sources and javadoc] INFO  o.e.m.c.i.e.AbstractTransferListenerAdapter - Downloaded https://repo.maven.apache.org/maven2/org/springframework/boot/spring-boot-actuator/2.6.2/spring-boot-actuator-2.6.2-sources.jar
2021-12-23 18:08:29,626 [Worker-5: Download sources and javadoc] INFO  o.e.m.j.internal.DownloadSourcesJob - Downloaded sources for org.springframework.boot:spring-boot-actuator:2.6.2
2021-12-23 18:08:31,529 [Worker-5: Download sources and javadoc] INFO  o.e.m.c.i.e.AbstractTransferListenerAdapter - Downloading https://repo.maven.apache.org/maven2/org/springframework/boot/spring-boot-starter-freemarker/2.6.2/spring-boot-starter-freemarker-2.6.2-sources.jar
2021-12-23 18:08:31,973 [Worker-5: Download sources and javadoc] INFO  o.e.m.c.i.e.AbstractTransferListenerAdapter - Downloaded https://repo.maven.apache.org/maven2/org/springframework/boot/spring-boot-starter-freemarker/2.6.2/spring-boot-starter-freemarker-2.6.2-sources.jar
2021-12-23 18:08:32,007 [Worker-5: Download sources and javadoc] INFO  o.e.m.j.internal.DownloadSourcesJob - Downloaded sources for org.springframework.boot:spring-boot-starter-freemarker:2.6.2
2021-12-23 18:08:33,211 [Worker-5: Download sources and javadoc] INFO  o.e.m.c.i.e.AbstractTransferListenerAdapter - Downloading https://repo.maven.apache.org/maven2/org/apache/httpcomponents/httpcore/4.4.15/httpcore-4.4.15-sources.jar
2021-12-23 18:08:34,490 [Worker-5: Download sources and javadoc] INFO  o.e.m.c.i.e.AbstractTransferListenerAdapter - Downloaded https://repo.maven.apache.org/maven2/org/apache/httpcomponents/httpcore/4.4.15/httpcore-4.4.15-sources.jar
2021-12-23 18:08:34,505 [Worker-5: Download sources and javadoc] INFO  o.e.m.j.internal.DownloadSourcesJob - Downloaded sources for org.apache.httpcomponents:httpcore:4.4.15
2021-12-23 18:08:35,352 [Worker-5: Download sources and javadoc] INFO  o.e.m.c.i.e.AbstractTransferListenerAdapter - Downloading https://repo.maven.apache.org/maven2/com/fasterxml/jackson/dataformat/jackson-dataformat-xml/2.13.1/jackson-dataformat-xml-2.13.1-sources.jar
2021-12-23 18:08:35,984 [Worker-5: Download sources and javadoc] INFO  o.e.m.c.i.e.AbstractTransferListenerAdapter - Downloaded https://repo.maven.apache.org/maven2/com/fasterxml/jackson/dataformat/jackson-dataformat-xml/2.13.1/jackson-dataformat-xml-2.13.1-sources.jar
2021-12-23 18:08:36,002 [Worker-5: Download sources and javadoc] INFO  o.e.m.j.internal.DownloadSourcesJob - Downloaded sources for com.fasterxml.jackson.dataformat:jackson-dataformat-xml:2.13.1
2021-12-23 18:08:37,048 [Worker-5: Download sources and javadoc] INFO  o.e.m.c.i.e.AbstractTransferListenerAdapter - Downloading https://repo.maven.apache.org/maven2/io/projectreactor/reactor-core/3.4.13/reactor-core-3.4.13-sources.jar
2021-12-23 18:08:39,852 [Worker-5: Download sources and javadoc] INFO  o.e.m.c.i.e.AbstractTransferListenerAdapter - Downloaded https://repo.maven.apache.org/maven2/io/projectreactor/reactor-core/3.4.13/reactor-core-3.4.13-sources.jar
2021-12-23 18:08:39,884 [Worker-5: Download sources and javadoc] INFO  o.e.m.j.internal.DownloadSourcesJob - Downloaded sources for io.projectreactor:reactor-core:3.4.13
2021-12-23 18:08:40,796 [Worker-5: Download sources and javadoc] INFO  o.e.m.c.i.e.AbstractTransferListenerAdapter - Downloading https://repo.maven.apache.org/maven2/io/projectreactor/addons/reactor-extra/3.4.6/reactor-extra-3.4.6-sources.jar
2021-12-23 18:08:41,689 [Worker-5: Download sources and javadoc] INFO  o.e.m.c.i.e.AbstractTransferListenerAdapter - Downloaded https://repo.maven.apache.org/maven2/io/projectreactor/addons/reactor-extra/3.4.6/reactor-extra-3.4.6-sources.jar
2021-12-23 18:08:41,735 [Worker-5: Download sources and javadoc] INFO  o.e.m.j.internal.DownloadSourcesJob - Downloaded sources for io.projectreactor.addons:reactor-extra:3.4.6
2021-12-23 18:08:42,738 [Worker-5: Download sources and javadoc] INFO  o.e.m.c.i.e.AbstractTransferListenerAdapter - Downloading https://repo.maven.apache.org/maven2/org/springframework/boot/spring-boot-starter-cache/2.6.2/spring-boot-starter-cache-2.6.2-sources.jar
2021-12-23 18:08:43,308 [Worker-5: Download sources and javadoc] INFO  o.e.m.c.i.e.AbstractTransferListenerAdapter - Downloaded https://repo.maven.apache.org/maven2/org/springframework/boot/spring-boot-starter-cache/2.6.2/spring-boot-starter-cache-2.6.2-sources.jar
2021-12-23 18:08:43,562 [Worker-5: Download sources and javadoc] INFO  o.e.m.j.internal.DownloadSourcesJob - Downloaded sources for org.springframework.boot:spring-boot-starter-cache:2.6.2
2021-12-23 18:08:50,226 [Worker-8: Import Getting Started Content] INFO  o.e.m.c.i.p.ProjectConfigurationManager - Imported and configured 1 project(s) in 152 sec
2021-12-23 18:08:50,230 [Worker-8: Import Getting Started Content] INFO  o.e.m.c.i.p.ProjectConfigurationManager - Update started
2021-12-23 18:08:53,007 [Worker-8: Import Getting Started Content] INFO  o.e.m.c.i.l.LifecycleMappingFactory - Using org.eclipse.m2e.jdt.JarLifecycleMapping lifecycle mapping for MavenProject: com.bl:bookstore_eurekaServer:0.0.1-SNAPSHOT @ C:\Users\dell\Desktop\BookStoreProject\bookstore_eurekaServer\bookstore_eurekaServer\pom.xml.
2021-12-23 18:08:55,513 [Worker-8: Import Getting Started Content] INFO  o.e.m.j.i.AbstractJavaProjectConfigurator - Adding source folder /bookstore_eurekaServer/src/main/java
2021-12-23 18:08:55,514 [Worker-8: Import Getting Started Content] INFO  o.e.m.j.i.AbstractJavaProjectConfigurator - Adding resource folder /bookstore_eurekaServer/src/main/resources
2021-12-23 18:08:55,517 [Worker-8: Import Getting Started Content] INFO  o.e.m.j.i.AbstractJavaProjectConfigurator - Adding resource folder /bookstore_eurekaServer/src/main/resources
2021-12-23 18:08:55,519 [Worker-8: Import Getting Started Content] INFO  o.e.m.j.i.AbstractJavaProjectConfigurator - Adding source folder /bookstore_eurekaServer/src/test/java
2021-12-23 18:08:59,193 [Worker-8: Import Getting Started Content] INFO  o.e.m.c.i.p.ProjectConfigurationManager - Update completed: 8 sec
2021-12-23 18:09:10,305 [Worker-14: Building] INFO  o.e.m.c.i.embedder.EclipseLogger - Using 'UTF-8' encoding to copy filtered resources.
2021-12-23 18:09:10,307 [Worker-14: Building] INFO  o.e.m.c.i.embedder.EclipseLogger - Using 'UTF-8' encoding to copy filtered properties files.
2021-12-23 18:09:10,311 [Worker-14: Building] INFO  o.e.m.c.i.embedder.EclipseLogger - Copying 1 resource
2021-12-23 18:09:10,372 [Worker-14: Building] INFO  o.e.m.c.i.embedder.EclipseLogger - Copying 0 resource
2021-12-23 18:09:10,376 [Worker-14: Building] INFO  o.e.m.c.i.embedder.EclipseLogger - Using 'UTF-8' encoding to copy filtered resources.
2021-12-23 18:09:10,376 [Worker-14: Building] INFO  o.e.m.c.i.embedder.EclipseLogger - Using 'UTF-8' encoding to copy filtered properties files.
2021-12-23 18:09:10,377 [Worker-14: Building] INFO  o.e.m.c.i.embedder.EclipseLogger - skip non existing resourceDirectory C:\Users\dell\Desktop\BookStoreProject\bookstore_eurekaServer\bookstore_eurekaServer\src\test\resources
2021-12-23 18:09:13,215 [Worker-9: Building] INFO  o.e.m.c.i.embedder.EclipseLogger - Using 'UTF-8' encoding to copy filtered resources.
2021-12-23 18:09:13,216 [Worker-9: Building] INFO  o.e.m.c.i.embedder.EclipseLogger - Using 'UTF-8' encoding to copy filtered properties files.
2021-12-23 18:09:13,306 [Worker-9: Building] INFO  o.e.m.c.i.embedder.EclipseLogger - Copying 0 resource
2021-12-23 18:09:13,306 [Worker-9: Building] INFO  o.e.m.c.i.embedder.EclipseLogger - Copying 0 resource
2021-12-23 18:09:13,309 [Worker-9: Building] INFO  o.e.m.c.i.embedder.EclipseLogger - Using 'UTF-8' encoding to copy filtered resources.
2021-12-23 18:09:13,309 [Worker-9: Building] INFO  o.e.m.c.i.embedder.EclipseLogger - Using 'UTF-8' encoding to copy filtered properties files.
2021-12-23 18:09:13,309 [Worker-9: Building] INFO  o.e.m.c.i.embedder.EclipseLogger - skip non existing resourceDirectory C:\Users\dell\Desktop\BookStoreProject\bookstore_eurekaServer\bookstore_eurekaServer\src\test\resources
2021-12-23 18:10:15,032 [Worker-13: Building] INFO  o.e.m.c.i.embedder.EclipseLogger - Using 'UTF-8' encoding to copy filtered resources.
2021-12-23 18:10:15,033 [Worker-13: Building] INFO  o.e.m.c.i.embedder.EclipseLogger - Using 'UTF-8' encoding to copy filtered properties files.
2021-12-23 18:10:15,167 [Worker-13: Building] INFO  o.e.m.c.i.embedder.EclipseLogger - Copying 1 resource
2021-12-23 18:10:15,239 [Worker-13: Building] INFO  o.e.m.c.i.embedder.EclipseLogger - Copying 0 resource
2021-12-23 18:10:15,243 [Worker-13: Building] INFO  o.e.m.c.i.embedder.EclipseLogger - Using 'UTF-8' encoding to copy filtered resources.
2021-12-23 18:10:15,243 [Worker-13: Building] INFO  o.e.m.c.i.embedder.EclipseLogger - Using 'UTF-8' encoding to copy filtered properties files.
2021-12-23 18:10:15,243 [Worker-13: Building] INFO  o.e.m.c.i.embedder.EclipseLogger - skip non existing resourceDirectory C:\Users\dell\Desktop\BookStoreProject\bookstore_eurekaServer\bookstore_eurekaServer\src\test\resources
2021-12-23 18:12:20,815 [Worker-9: Building] INFO  o.e.m.c.i.embedder.EclipseLogger - Using 'UTF-8' encoding to copy filtered resources.
2021-12-23 18:12:20,816 [Worker-9: Building] INFO  o.e.m.c.i.embedder.EclipseLogger - Using 'UTF-8' encoding to copy filtered properties files.
2021-12-23 18:12:20,819 [Worker-9: Building] INFO  o.e.m.c.i.embedder.EclipseLogger - Copying 1 resource
2021-12-23 18:12:20,837 [Worker-9: Building] INFO  o.e.m.c.i.embedder.EclipseLogger - Copying 0 resource
2021-12-23 18:12:20,841 [Worker-9: Building] INFO  o.e.m.c.i.embedder.EclipseLogger - Using 'UTF-8' encoding to copy filtered resources.
2021-12-23 18:12:20,841 [Worker-9: Building] INFO  o.e.m.c.i.embedder.EclipseLogger - Using 'UTF-8' encoding to copy filtered properties files.
2021-12-23 18:12:20,842 [Worker-9: Building] INFO  o.e.m.c.i.embedder.EclipseLogger - skip non existing resourceDirectory C:\Users\dell\Desktop\BookStoreProject\bookstore_eurekaServer\bookstore_eurekaServer\src\test\resources
2021-12-23 19:06:59,470 [Worker-0: Loading available Gradle versions] INFO  o.e.b.c.i.u.g.PublishedGradleVersions - Gradle version information cache is up-to-date. Trying to read.
2021-12-23 19:07:18,066 [Worker-12: Launching bookstore_eurekaServer - BookstoreEurekaServerApplication] INFO  o.e.m.c.i.embedder.EclipseLogger - Using 'UTF-8' encoding to copy filtered resources.
2021-12-23 19:07:18,067 [Worker-12: Launching bookstore_eurekaServer - BookstoreEurekaServerApplication] INFO  o.e.m.c.i.embedder.EclipseLogger - Using 'UTF-8' encoding to copy filtered properties files.
2021-12-23 19:07:18,072 [Worker-12: Launching bookstore_eurekaServer - BookstoreEurekaServerApplication] INFO  o.e.m.c.i.embedder.EclipseLogger - Copying 1 resource
2021-12-23 19:07:18,091 [Worker-12: Launching bookstore_eurekaServer - BookstoreEurekaServerApplication] INFO  o.e.m.c.i.embedder.EclipseLogger - Copying 0 resource
2021-12-23 19:07:18,095 [Worker-12: Launching bookstore_eurekaServer - BookstoreEurekaServerApplication] INFO  o.e.m.c.i.embedder.EclipseLogger - Using 'UTF-8' encoding to copy filtered resources.
2021-12-23 19:07:18,095 [Worker-12: Launching bookstore_eurekaServer - BookstoreEurekaServerApplication] INFO  o.e.m.c.i.embedder.EclipseLogger - Using 'UTF-8' encoding to copy filtered properties files.
2021-12-23 19:07:18,095 [Worker-12: Launching bookstore_eurekaServer - BookstoreEurekaServerApplication] INFO  o.e.m.c.i.embedder.EclipseLogger - skip non existing resourceDirectory C:\Users\dell\Desktop\BookStoreProject\bookstore_eurekaServer\bookstore_eurekaServer\src\test\resources
2021-12-23 19:08:51,162 [Worker-2: Building] INFO  o.e.m.c.i.embedder.EclipseLogger - Using 'UTF-8' encoding to copy filtered resources.
2021-12-23 19:08:51,162 [Worker-2: Building] INFO  o.e.m.c.i.embedder.EclipseLogger - Using 'UTF-8' encoding to copy filtered properties files.
2021-12-23 19:08:51,164 [Worker-2: Building] INFO  o.e.m.c.i.embedder.EclipseLogger - Copying 1 resource
2021-12-23 19:08:51,176 [Worker-2: Building] INFO  o.e.m.c.i.embedder.EclipseLogger - Copying 0 resource
2021-12-23 19:08:51,179 [Worker-2: Building] INFO  o.e.m.c.i.embedder.EclipseLogger - Using 'UTF-8' encoding to copy filtered resources.
2021-12-23 19:08:51,179 [Worker-2: Building] INFO  o.e.m.c.i.embedder.EclipseLogger - Using 'UTF-8' encoding to copy filtered properties files.
2021-12-23 19:08:51,179 [Worker-2: Building] INFO  o.e.m.c.i.embedder.EclipseLogger - skip non existing resourceDirectory C:\Users\dell\Desktop\BookStoreProject\bookstore_eurekaServer\bookstore_eurekaServer\src\test\resources
2021-12-23 19:11:47,506 [Worker-11: Building] INFO  o.e.m.c.i.embedder.EclipseLogger - Using 'UTF-8' encoding to copy filtered resources.
2021-12-23 19:11:47,506 [Worker-11: Building] INFO  o.e.m.c.i.embedder.EclipseLogger - Using 'UTF-8' encoding to copy filtered properties files.
2021-12-23 19:11:47,507 [Worker-11: Building] INFO  o.e.m.c.i.embedder.EclipseLogger - Copying 1 resource
2021-12-23 19:11:47,586 [Worker-11: Building] INFO  o.e.m.c.i.embedder.EclipseLogger - Copying 0 resource
2021-12-23 19:11:47,614 [Worker-11: Building] INFO  o.e.m.c.i.embedder.EclipseLogger - Using 'UTF-8' encoding to copy filtered resources.
2021-12-23 19:11:47,615 [Worker-11: Building] INFO  o.e.m.c.i.embedder.EclipseLogger - Using 'UTF-8' encoding to copy filtered properties files.
2021-12-23 19:11:47,616 [Worker-11: Building] INFO  o.e.m.c.i.embedder.EclipseLogger - skip non existing resourceDirectory C:\Users\dell\Desktop\BookStoreProject\bookstore_eurekaServer\bookstore_eurekaServer\src\test\resources
2021-12-23 19:12:34,565 [Worker-11: Building] INFO  o.e.m.c.i.embedder.EclipseLogger - Using 'UTF-8' encoding to copy filtered resources.
2021-12-23 19:12:34,566 [Worker-11: Building] INFO  o.e.m.c.i.embedder.EclipseLogger - Using 'UTF-8' encoding to copy filtered properties files.
2021-12-23 19:12:34,566 [Worker-11: Building] INFO  o.e.m.c.i.embedder.EclipseLogger - Copying 1 resource
2021-12-23 19:12:34,576 [Worker-11: Building] INFO  o.e.m.c.i.embedder.EclipseLogger - Copying 0 resource
2021-12-23 19:12:34,579 [Worker-11: Building] INFO  o.e.m.c.i.embedder.EclipseLogger - Using 'UTF-8' encoding to copy filtered resources.
2021-12-23 19:12:34,579 [Worker-11: Building] INFO  o.e.m.c.i.embedder.EclipseLogger - Using 'UTF-8' encoding to copy filtered properties files.
2021-12-23 19:12:34,580 [Worker-11: Building] INFO  o.e.m.c.i.embedder.EclipseLogger - skip non existing resourceDirectory C:\Users\dell\Desktop\BookStoreProject\bookstore_eurekaServer\bookstore_eurekaServer\src\test\resources
2021-12-23 19:19:26,702 [Worker-16: Building] INFO  o.e.m.c.i.embedder.EclipseLogger - Using 'UTF-8' encoding to copy filtered resources.
2021-12-23 19:19:26,703 [Worker-16: Building] INFO  o.e.m.c.i.embedder.EclipseLogger - Using 'UTF-8' encoding to copy filtered properties files.
2021-12-23 19:19:26,703 [Worker-16: Building] INFO  o.e.m.c.i.embedder.EclipseLogger - Copying 1 resource
2021-12-23 19:19:26,720 [Worker-16: Building] INFO  o.e.m.c.i.embedder.EclipseLogger - Copying 0 resource
2021-12-23 19:19:26,724 [Worker-16: Building] INFO  o.e.m.c.i.embedder.EclipseLogger - Using 'UTF-8' encoding to copy filtered resources.
2021-12-23 19:19:26,724 [Worker-16: Building] INFO  o.e.m.c.i.embedder.EclipseLogger - Using 'UTF-8' encoding to copy filtered properties files.
2021-12-23 19:19:26,725 [Worker-16: Building] INFO  o.e.m.c.i.embedder.EclipseLogger - skip non existing resourceDirectory C:\Users\dell\Desktop\BookStoreProject\bookstore_eurekaServer\bookstore_eurekaServer\src\test\resources
2021-12-23 19:23:16,595 [Worker-9: Building] INFO  o.e.m.c.i.embedder.EclipseLogger - Using 'UTF-8' encoding to copy filtered resources.
2021-12-23 19:23:16,596 [Worker-9: Building] INFO  o.e.m.c.i.embedder.EclipseLogger - Using 'UTF-8' encoding to copy filtered properties files.
2021-12-23 19:23:16,597 [Worker-9: Building] INFO  o.e.m.c.i.embedder.EclipseLogger - Copying 1 resource
2021-12-23 19:23:16,616 [Worker-9: Building] INFO  o.e.m.c.i.embedder.EclipseLogger - Copying 0 resource
2021-12-23 19:23:16,620 [Worker-9: Building] INFO  o.e.m.c.i.embedder.EclipseLogger - Using 'UTF-8' encoding to copy filtered resources.
2021-12-23 19:23:16,620 [Worker-9: Building] INFO  o.e.m.c.i.embedder.EclipseLogger - Using 'UTF-8' encoding to copy filtered properties files.
2021-12-23 19:23:16,621 [Worker-9: Building] INFO  o.e.m.c.i.embedder.EclipseLogger - skip non existing resourceDirectory C:\Users\dell\Desktop\BookStoreProject\bookstore_eurekaServer\bookstore_eurekaServer\src\test\resources
2021-12-23 19:25:45,988 [Worker-25: Building] INFO  o.e.m.c.i.embedder.EclipseLogger - Using 'UTF-8' encoding to copy filtered resources.
2021-12-23 19:25:45,990 [Worker-25: Building] INFO  o.e.m.c.i.embedder.EclipseLogger - Using 'UTF-8' encoding to copy filtered properties files.
2021-12-23 19:25:45,990 [Worker-25: Building] INFO  o.e.m.c.i.embedder.EclipseLogger - Copying 1 resource
2021-12-23 19:25:46,006 [Worker-25: Building] INFO  o.e.m.c.i.embedder.EclipseLogger - Copying 0 resource
2021-12-23 19:25:46,010 [Worker-25: Building] INFO  o.e.m.c.i.embedder.EclipseLogger - Using 'UTF-8' encoding to copy filtered resources.
2021-12-23 19:25:46,010 [Worker-25: Building] INFO  o.e.m.c.i.embedder.EclipseLogger - Using 'UTF-8' encoding to copy filtered properties files.
2021-12-23 19:25:46,010 [Worker-25: Building] INFO  o.e.m.c.i.embedder.EclipseLogger - skip non existing resourceDirectory C:\Users\dell\Desktop\BookStoreProject\bookstore_eurekaServer\bookstore_eurekaServer\src\test\resources
2021-12-23 19:26:21,556 [Worker-19: Building] INFO  o.e.m.c.i.embedder.EclipseLogger - Using 'UTF-8' encoding to copy filtered resources.
2021-12-23 19:26:21,556 [Worker-19: Building] INFO  o.e.m.c.i.embedder.EclipseLogger - Using 'UTF-8' encoding to copy filtered properties files.
2021-12-23 19:26:21,557 [Worker-19: Building] INFO  o.e.m.c.i.embedder.EclipseLogger - Copying 1 resource
2021-12-23 19:26:21,582 [Worker-19: Building] INFO  o.e.m.c.i.embedder.EclipseLogger - Copying 0 resource
2021-12-23 19:26:21,589 [Worker-19: Building] INFO  o.e.m.c.i.embedder.EclipseLogger - Using 'UTF-8' encoding to copy filtered resources.
2021-12-23 19:26:21,589 [Worker-19: Building] INFO  o.e.m.c.i.embedder.EclipseLogger - Using 'UTF-8' encoding to copy filtered properties files.
2021-12-23 19:26:21,590 [Worker-19: Building] INFO  o.e.m.c.i.embedder.EclipseLogger - skip non existing resourceDirectory C:\Users\dell\Desktop\BookStoreProject\bookstore_eurekaServer\bookstore_eurekaServer\src\test\resources
2021-12-23 19:40:26,374 [Worker-1: Loading available Gradle versions] INFO  o.e.b.c.i.u.g.PublishedGradleVersions - Gradle version information cache is up-to-date. Trying to read.
2021-12-23 19:45:10,434 [Worker-0: Loading available Gradle versions] INFO  o.e.b.c.i.u.g.PublishedGradleVersions - Gradle version information cache is up-to-date. Trying to read.
2021-12-23 19:49:52,312 [Worker-8: Launching bookstore_eurekaServer - BookstoreEurekaServerApplication] INFO  o.e.m.c.i.embedder.EclipseLogger - Using 'UTF-8' encoding to copy filtered resources.
2021-12-23 19:49:52,313 [Worker-8: Launching bookstore_eurekaServer - BookstoreEurekaServerApplication] INFO  o.e.m.c.i.embedder.EclipseLogger - Using 'UTF-8' encoding to copy filtered properties files.
2021-12-23 19:49:52,318 [Worker-8: Launching bookstore_eurekaServer - BookstoreEurekaServerApplication] INFO  o.e.m.c.i.embedder.EclipseLogger - Copying 1 resource
2021-12-23 19:49:52,348 [Worker-8: Launching bookstore_eurekaServer - BookstoreEurekaServerApplication] INFO  o.e.m.c.i.embedder.EclipseLogger - Copying 0 resource
2021-12-23 19:49:52,352 [Worker-8: Launching bookstore_eurekaServer - BookstoreEurekaServerApplication] INFO  o.e.m.c.i.embedder.EclipseLogger - Using 'UTF-8' encoding to copy filtered resources.
2021-12-23 19:49:52,352 [Worker-8: Launching bookstore_eurekaServer - BookstoreEurekaServerApplication] INFO  o.e.m.c.i.embedder.EclipseLogger - Using 'UTF-8' encoding to copy filtered properties files.
2021-12-23 19:49:52,352 [Worker-8: Launching bookstore_eurekaServer - BookstoreEurekaServerApplication] INFO  o.e.m.c.i.embedder.EclipseLogger - skip non existing resourceDirectory C:\Users\dell\Desktop\BookStoreProject\bookstore_eurekaServer\bookstore_eurekaServer\src\test\resources
2021-12-23 19:50:09,641 [Worker-11: Launching bookstore_eurekaServer - BookstoreEurekaServerApplication] INFO  o.e.m.c.i.embedder.EclipseLogger - Using 'UTF-8' encoding to copy filtered resources.
2021-12-23 19:50:09,642 [Worker-11: Launching bookstore_eurekaServer - BookstoreEurekaServerApplication] INFO  o.e.m.c.i.embedder.EclipseLogger - Using 'UTF-8' encoding to copy filtered properties files.
2021-12-23 19:50:09,645 [Worker-11: Launching bookstore_eurekaServer - BookstoreEurekaServerApplication] INFO  o.e.m.c.i.embedder.EclipseLogger - Copying 1 resource
2021-12-23 19:50:09,659 [Worker-11: Launching bookstore_eurekaServer - BookstoreEurekaServerApplication] INFO  o.e.m.c.i.embedder.EclipseLogger - Copying 0 resource
2021-12-23 19:50:09,665 [Worker-11: Launching bookstore_eurekaServer - BookstoreEurekaServerApplication] INFO  o.e.m.c.i.embedder.EclipseLogger - Using 'UTF-8' encoding to copy filtered resources.
2021-12-23 19:50:09,665 [Worker-11: Launching bookstore_eurekaServer - BookstoreEurekaServerApplication] INFO  o.e.m.c.i.embedder.EclipseLogger - Using 'UTF-8' encoding to copy filtered properties files.
2021-12-23 19:50:09,665 [Worker-11: Launching bookstore_eurekaServer - BookstoreEurekaServerApplication] INFO  o.e.m.c.i.embedder.EclipseLogger - skip non existing resourceDirectory C:\Users\dell\Desktop\BookStoreProject\bookstore_eurekaServer\bookstore_eurekaServer\src\test\resources
2021-12-24 09:28:10,599 [Worker-3: Loading available Gradle versions] INFO  o.e.b.c.i.u.g.PublishedGradleVersions - Gradle version information cache is up-to-date. Trying to read.
2021-12-24 09:35:02,140 [Worker-7: Launching bookstore_eurekaServer - BookstoreEurekaServerApplication] INFO  o.e.m.c.i.embedder.EclipseLogger - Using 'UTF-8' encoding to copy filtered resources.
2021-12-24 09:35:02,141 [Worker-7: Launching bookstore_eurekaServer - BookstoreEurekaServerApplication] INFO  o.e.m.c.i.embedder.EclipseLogger - Using 'UTF-8' encoding to copy filtered properties files.
2021-12-24 09:35:02,428 [Worker-7: Launching bookstore_eurekaServer - BookstoreEurekaServerApplication] INFO  o.e.m.c.i.embedder.EclipseLogger - Copying 1 resource
2021-12-24 09:35:02,786 [Worker-7: Launching bookstore_eurekaServer - BookstoreEurekaServerApplication] INFO  o.e.m.c.i.embedder.EclipseLogger - Copying 0 resource
2021-12-24 09:35:02,790 [Worker-7: Launching bookstore_eurekaServer - BookstoreEurekaServerApplication] INFO  o.e.m.c.i.embedder.EclipseLogger - Using 'UTF-8' encoding to copy filtered resources.
2021-12-24 09:35:02,791 [Worker-7: Launching bookstore_eurekaServer - BookstoreEurekaServerApplication] INFO  o.e.m.c.i.embedder.EclipseLogger - Using 'UTF-8' encoding to copy filtered properties files.
2021-12-24 09:35:03,047 [Worker-7: Launching bookstore_eurekaServer - BookstoreEurekaServerApplication] INFO  o.e.m.c.i.embedder.EclipseLogger - skip non existing resourceDirectory C:\Users\dell\Desktop\BookStoreProject\bookstore_eurekaServer\bookstore_eurekaServer\src\test\resources
2021-12-25 19:17:12,315 [Worker-1: Loading available Gradle versions] INFO  o.e.b.c.i.u.g.PublishedGradleVersions - Gradle version information cache is up-to-date. Trying to read.
2021-12-27 09:43:40,439 [Worker-0: Loading available Gradle versions] INFO  o.e.b.c.i.u.g.PublishedGradleVersions - Gradle version information cache is up-to-date. Trying to read.
2021-12-27 09:46:22,546 [main] INFO  o.e.m2e.actions.ExecutePomAction - Creating new launch configuration
2021-12-27 09:46:32,809 [Worker-7: Launching bookstore_eurekaServer] INFO  o.e.m.i.launch.MavenLaunchDelegate - C:\Users\dell\Desktop\BookStoreProject\bookstore_eurekaServer\bookstore_eurekaServer
2021-12-27 09:46:32,812 [Worker-7: Launching bookstore_eurekaServer] INFO  o.e.m.i.launch.MavenLaunchDelegate -  mvn -Ppom.xml -B  -Dstyle.color=always
2021-12-27 09:46:54,004 [Worker-1: Launching bookstore_eurekaServer - BookstoreEurekaServerApplication] INFO  o.e.m.c.i.embedder.EclipseLogger - Using 'UTF-8' encoding to copy filtered resources.
2021-12-27 09:46:54,005 [Worker-1: Launching bookstore_eurekaServer - BookstoreEurekaServerApplication] INFO  o.e.m.c.i.embedder.EclipseLogger - Using 'UTF-8' encoding to copy filtered properties files.
2021-12-27 09:46:54,010 [Worker-1: Launching bookstore_eurekaServer - BookstoreEurekaServerApplication] INFO  o.e.m.c.i.embedder.EclipseLogger - Copying 1 resource
2021-12-27 09:46:54,047 [Worker-1: Launching bookstore_eurekaServer - BookstoreEurekaServerApplication] INFO  o.e.m.c.i.embedder.EclipseLogger - Copying 0 resource
2021-12-27 09:46:54,051 [Worker-1: Launching bookstore_eurekaServer - BookstoreEurekaServerApplication] INFO  o.e.m.c.i.embedder.EclipseLogger - Using 'UTF-8' encoding to copy filtered resources.
2021-12-27 09:46:54,051 [Worker-1: Launching bookstore_eurekaServer - BookstoreEurekaServerApplication] INFO  o.e.m.c.i.embedder.EclipseLogger - Using 'UTF-8' encoding to copy filtered properties files.
2021-12-27 09:46:54,052 [Worker-1: Launching bookstore_eurekaServer - BookstoreEurekaServerApplication] INFO  o.e.m.c.i.embedder.EclipseLogger - skip non existing resourceDirectory C:\Users\dell\Desktop\BookStoreProject\bookstore_eurekaServer\bookstore_eurekaServer\src\test\resources
2021-12-27 09:48:15,070 [main] INFO  o.e.m2e.actions.ExecutePomAction - Creating new launch configuration
2021-12-27 09:48:22,489 [Worker-1: Launching bookstore_eurekaServer (1)] INFO  o.e.m.i.launch.MavenLaunchDelegate - C:\Users\dell\Desktop\BookStoreProject\bookstore_eurekaServer\bookstore_eurekaServer
2021-12-27 09:48:22,491 [Worker-1: Launching bookstore_eurekaServer (1)] INFO  o.e.m.i.launch.MavenLaunchDelegate -  mvn -Ppom.xml -B jar -Dstyle.color=always
2021-12-27 10:25:00,344 [Worker-7: Launching bookstore_eurekaServer - BookstoreEurekaServerApplication] INFO  o.e.m.c.i.embedder.EclipseLogger - Using 'UTF-8' encoding to copy filtered resources.
2021-12-27 10:25:00,345 [Worker-7: Launching bookstore_eurekaServer - BookstoreEurekaServerApplication] INFO  o.e.m.c.i.embedder.EclipseLogger - Using 'UTF-8' encoding to copy filtered properties files.
2021-12-27 10:25:00,371 [Worker-7: Launching bookstore_eurekaServer - BookstoreEurekaServerApplication] INFO  o.e.m.c.i.embedder.EclipseLogger - Copying 1 resource
2021-12-27 10:25:00,393 [Worker-7: Launching bookstore_eurekaServer - BookstoreEurekaServerApplication] INFO  o.e.m.c.i.embedder.EclipseLogger - Copying 0 resource
2021-12-27 10:25:00,397 [Worker-7: Launching bookstore_eurekaServer - BookstoreEurekaServerApplication] INFO  o.e.m.c.i.embedder.EclipseLogger - Using 'UTF-8' encoding to copy filtered resources.
2021-12-27 10:25:00,397 [Worker-7: Launching bookstore_eurekaServer - BookstoreEurekaServerApplication] INFO  o.e.m.c.i.embedder.EclipseLogger - Using 'UTF-8' encoding to copy filtered properties files.
2021-12-27 10:25:00,398 [Worker-7: Launching bookstore_eurekaServer - BookstoreEurekaServerApplication] INFO  o.e.m.c.i.embedder.EclipseLogger - skip non existing resourceDirectory C:\Users\dell\Desktop\BookStoreProject\bookstore_eurekaServer\bookstore_eurekaServer\src\test\resources
2021-12-27 11:28:16,128 [Worker-3: Loading available Gradle versions] INFO  o.e.b.c.i.u.g.PublishedGradleVersions - Gradle version information cache is up-to-date. Trying to read.
2021-12-28 07:17:35,116 [Worker-0: Loading available Gradle versions] INFO  o.e.b.c.i.u.g.PublishedGradleVersions - Gradle version information cache is up-to-date. Trying to read.
2021-12-28 07:32:17,019 [Worker-2: Launching bookstore_eurekaServer - BookstoreEurekaServerApplication] INFO  o.e.m.c.i.embedder.EclipseLogger - Using 'UTF-8' encoding to copy filtered resources.
2021-12-28 07:32:17,020 [Worker-2: Launching bookstore_eurekaServer - BookstoreEurekaServerApplication] INFO  o.e.m.c.i.embedder.EclipseLogger - Using 'UTF-8' encoding to copy filtered properties files.
2021-12-28 07:32:17,030 [Worker-2: Launching bookstore_eurekaServer - BookstoreEurekaServerApplication] INFO  o.e.m.c.i.embedder.EclipseLogger - Copying 1 resource
2021-12-28 07:32:17,077 [Worker-2: Launching bookstore_eurekaServer - BookstoreEurekaServerApplication] INFO  o.e.m.c.i.embedder.EclipseLogger - Copying 0 resource
2021-12-28 07:32:17,084 [Worker-2: Launching bookstore_eurekaServer - BookstoreEurekaServerApplication] INFO  o.e.m.c.i.embedder.EclipseLogger - Using 'UTF-8' encoding to copy filtered resources.
2021-12-28 07:32:17,085 [Worker-2: Launching bookstore_eurekaServer - BookstoreEurekaServerApplication] INFO  o.e.m.c.i.embedder.EclipseLogger - Using 'UTF-8' encoding to copy filtered properties files.
2021-12-28 07:32:17,085 [Worker-2: Launching bookstore_eurekaServer - BookstoreEurekaServerApplication] INFO  o.e.m.c.i.embedder.EclipseLogger - skip non existing resourceDirectory C:\Users\dell\Desktop\BookStoreProject\bookstore_eurekaServer\bookstore_eurekaServer\src\test\resources
2021-12-29 11:22:13,161 [Worker-4: Loading available Gradle versions] INFO  o.e.b.c.i.u.g.PublishedGradleVersions - Gradle version information cache is up-to-date. Trying to read.
2021-12-30 08:34:56,923 [Worker-3: Loading available Gradle versions] INFO  o.e.b.c.i.u.g.PublishedGradleVersions - Gradle version information cache is up-to-date. Trying to read.
